Arguments: 
  /Users/msharma/.nvm/versions/node/v10.15.3/bin/node /Users/msharma/.nvm/versions/node/v10.15.3/bin/yarn

PATH: 
  /Users/msharma/CMS/Interview/hello-world/node_modules/.bin:/Users/msharma/CMS/Interview/node_modules/.bin:/Users/msharma/CMS/node_modules/.bin:/Users/msharma/node_modules/.bin:/Users/node_modules/.bin:/node_modules/.bin:/Users/msharma/.nvm/versions/node/v10.15.3/bin:/Library/Frameworks/Python.framework/Versions/3.9/bin:/Users/msharma/.yarn/bin:/Users/msharma/.config/yarn/global/node_modules/.bin:/Users/msharma/.nvm/versions/node/v10.15.3/bin:/Users/msharma/opt/anaconda3/bin:/usr/local/bin:/usr/bin:/bin:/usr/sbin:/sbin:/Library/Apple/usr/bin

Yarn version: 
  1.22.0

Node version: 
  10.15.3

Platform: 
  darwin x64

Trace: 
  Error: getaddrinfo ENOTFOUND nexus.prod.aws.about.com nexus.prod.aws.about.com:80
      at GetAddrInfoReqWrap.onlookup [as oncomplete] (dns.js:56:26)

npm manifest: 
  {
    "name": "hello-world",
    "version": "0.1.0",
    "private": true,
    "devDependencies": {
      "@vue/cli-plugin-babel": "~4.5.0",
      "@vue/cli-plugin-eslint": "~4.5.0",
      "@vue/cli-service": "~4.5.0"
    }
  }

yarn manifest: 
  No manifest

Lockfile: 
  No lockfile
